<?xml version="1.0" encoding="UTF-8"?>
<!-- Generated by org.testng.reporters.JUnitReportReporter -->
<testsuite hostname="DEL-0956" failures="0" tests="2" name="extentReportTestNG.extentReportTestNG" time="0.040" errors="0" timestamp="2021-06-14T09:24:43 IST" skipped="0">
  <testcase classname="extentReportTestNG.extentReportTestNG" name="test1" time="0.035"/>
  <system-out/>
  <testcase classname="extentReportTestNG.extentReportTestNG" name="test2" time="0.005"/>
  <system-out/>
</testsuite> <!-- extentReportTestNG.extentReportTestNG -->
