<?xml version="1.0" encoding="UTF-8"?>
<!-- Generated by org.testng.reporters.JUnitReportReporter -->
<testsuite hostname="DEL-0956" failures="0" tests="2" name="extentReportTestNG.extentReportTestNG2" time="0.047" errors="0" timestamp="2021-06-14T09:24:43 IST" skipped="0">
  <testcase classname="extentReportTestNG.extentReportTestNG2" name="test1" time="0.037"/>
  <system-out/>
  <testcase classname="extentReportTestNG.extentReportTestNG2" name="test2" time="0.010"/>
  <system-out/>
</testsuite> <!-- extentReportTestNG.extentReportTestNG2 -->
