<?xml version="1.0" encoding="UTF-8"?>
<!-- Generated by org.testng.reporters.JUnitReportReporter -->
<testsuite hostname="DEL-0956" failures="0" tests="2" name="extentReportTestNG.extentReportTestNG" time="0.052" errors="0" timestamp="2021-06-12T13:20:08 IST" skipped="0">
  <testcase classname="extentReportTestNG.extentReportTestNG" name="test1" time="0.036"/>
  <system-out/>
  <testcase classname="extentReportTestNG.extentReportTestNG" name="test2" time="0.016"/>
  <system-out/>
</testsuite> <!-- extentReportTestNG.extentReportTestNG -->
